# JRE version: OpenJDK Runtime Environment (8.0_202-b03) (build 1.8.0_202-release-1483-b03)
# Java VM: OpenJDK 64-Bit Server VM (25.202-b03 mixed mode windows-amd64 compressed oops)
Heap:
 PSYoungGen      total 169984K, used 144692K [0x00000000e0000000, 0x00000000ed900000, 0x0000000100000000)
  eden space 154624K, 83% used [0x00000000e0000000,0x00000000e7e4ebe8,0x00000000e9700000)
  from space 15360K, 99% used [0x00000000e9700000,0x00000000ea5fe4a0,0x00000000ea600000)
  to   space 18432K, 0% used [0x00000000ec700000,0x00000000ec700000,0x00000000ed900000)
 ParOldGen       total 114688K, used 52624K [0x00000000a0000000, 0x00000000a7000000, 0x00000000e0000000)
  object space 114688K, 45% used [0x00000000a0000000,0x00000000a3364050,0x00000000a7000000)
 Metaspace       used 71471K, capacity 74314K, committed 74496K, reserved 1114112K
  class space    used 9389K, capacity 9973K, committed 9984K, reserved 1048576K
GC Heap History (10 events):
Event: 31.064 GC heap before
{Heap before GC invocations=18 (full 3):
 PSYoungGen      total 122880K, used 4890K [0x00000000e0000000, 0x00000000ea500000, 0x0000000100000000)
  eden space 109568K, 0% used [0x00000000e0000000,0x00000000e0000000,0x00000000e6b00000)
  from space 13312K, 36% used [0x00000000e6b00000,0x00000000e6fc69c0,0x00000000e7800000)
  to   space 13312K, 0% used [0x00000000e9800000,0x00000000e9800000,0x00000000ea500000)
 ParOldGen       total 76800K, used 34537K [0x00000000a0000000, 0x00000000a4b00000, 0x00000000e0000000)
  object space 76800K, 44% used [0x00000000a0000000,0x00000000a21ba7e8,0x00000000a4b00000)
 Metaspace       used 56881K, capacity 58944K, committed 59096K, reserved 1099776K
  class space    used 7790K, capacity 8228K, committed 8320K, reserved 1048576K
Event: 31.471 GC heap after
Heap after GC invocations=18 (full 3):
 PSYoungGen      total 122880K, used 0K [0x00000000e0000000, 0x00000000ea500000, 0x0000000100000000)
  eden space 109568K, 0% used [0x00000000e0000000,0x00000000e0000000,0x00000000e6b00000)
  from space 13312K, 0% used [0x00000000e6b00000,0x00000000e6b00000,0x00000000e7800000)
  to   space 13312K, 0% used [0x00000000e9800000,0x00000000e9800000,0x00000000ea500000)
 ParOldGen       total 114688K, used 33890K [0x00000000a0000000, 0x00000000a7000000, 0x00000000e0000000)
  object space 114688K, 29% used [0x00000000a0000000,0x00000000a2118818,0x00000000a7000000)
 Metaspace       used 56870K, capacity 58908K, committed 59096K, reserved 1099776K
  class space    used 7787K, capacity 8222K, committed 8320K, reserved 1048576K
}
Event: 35.116 GC heap before
{Heap before GC invocations=19 (full 3):
 PSYoungGen      total 122880K, used 109566K [0x00000000e0000000, 0x00000000ea500000, 0x0000000100000000)
  eden space 109568K, 99% used [0x00000000e0000000,0x00000000e6aff900,0x00000000e6b00000)
  from space 13312K, 0% used [0x00000000e6b00000,0x00000000e6b00000,0x00000000e7800000)
  to   space 13312K, 0% used [0x00000000e9800000,0x00000000e9800000,0x00000000ea500000)
 ParOldGen       total 114688K, used 33890K [0x00000000a0000000, 0x00000000a7000000, 0x00000000e0000000)
  object space 114688K, 29% used [0x00000000a0000000,0x00000000a2118818,0x00000000a7000000)
 Metaspace       used 62309K, capacity 64612K, committed 64768K, reserved 1105920K
  class space    used 8591K, capacity 9096K, committed 9216K, reserved 1048576K
Event: 35.132 GC heap after
Heap after GC invocations=19 (full 3):
 PSYoungGen      total 143872K, used 9134K [0x00000000e0000000, 0x00000000ea100000, 0x0000000100000000)
  eden space 134656K, 0% used [0x00000000e0000000,0x00000000e0000000,0x00000000e8380000)
  from space 9216K, 99% used [0x00000000e9800000,0x00000000ea0ebb38,0x00000000ea100000)
  to   space 13312K, 0% used [0x00000000e8700000,0x00000000e8700000,0x00000000e9400000)
 ParOldGen       total 114688K, used 33898K [0x00000000a0000000, 0x00000000a7000000, 0x00000000e0000000)
  object space 114688K, 29% used [0x00000000a0000000,0x00000000a211a818,0x00000000a7000000)
 Metaspace       used 62309K, capacity 64612K, committed 64768K, reserved 1105920K
  class space    used 8591K, capacity 9096K, committed 9216K, reserved 1048576K
}
Event: 39.254 GC heap before
{Heap before GC invocations=20 (full 3):
 PSYoungGen      total 143872K, used 143790K [0x00000000e0000000, 0x00000000ea100000, 0x0000000100000000)
  eden space 134656K, 100% used [0x00000000e0000000,0x00000000e8380000,0x00000000e8380000)
  from space 9216K, 99% used [0x00000000e9800000,0x00000000ea0ebb38,0x00000000ea100000)
  to   space 13312K, 0% used [0x00000000e8700000,0x00000000e8700000,0x00000000e9400000)
 ParOldGen       total 114688K, used 33898K [0x00000000a0000000, 0x00000000a7000000, 0x00000000e0000000)
  object space 114688K, 29% used [0x00000000a0000000,0x00000000a211a818,0x00000000a7000000)
 Metaspace       used 64307K, capacity 66646K, committed 66944K, reserved 1107968K
  class space    used 8718K, capacity 9227K, committed 9344K, reserved 1048576K
Event: 39.283 GC heap after
Heap after GC invocations=20 (full 3):
 PSYoungGen      total 151552K, used 13288K [0x00000000e0000000, 0x00000000eb580000, 0x0000000100000000)
  eden space 138240K, 0% used [0x00000000e0000000,0x00000000e0000000,0x00000000e8700000)
  from space 13312K, 99% used [0x00000000e8700000,0x00000000e93fa068,0x00000000e9400000)
  to   space 15872K, 0% used [0x00000000ea600000,0x00000000ea600000,0x00000000eb580000)
 ParOldGen       total 114688K, used 36028K [0x00000000a0000000, 0x00000000a7000000, 0x00000000e0000000)
  object space 114688K, 31% used [0x00000000a0000000,0x00000000a232f368,0x00000000a7000000)
 Metaspace       used 64307K, capacity 66646K, committed 66944K, reserved 1107968K
  class space    used 8718K, capacity 9227K, committed 9344K, reserved 1048576K
}
Event: 40.323 GC heap before
{Heap before GC invocations=21 (full 3):
 PSYoungGen      total 151552K, used 151528K [0x00000000e0000000, 0x00000000eb580000, 0x0000000100000000)
  eden space 138240K, 100% used [0x00000000e0000000,0x00000000e8700000,0x00000000e8700000)
  from space 13312K, 99% used [0x00000000e8700000,0x00000000e93fa068,0x00000000e9400000)
  to   space 15872K, 0% used [0x00000000ea600000,0x00000000ea600000,0x00000000eb580000)
 ParOldGen       total 114688K, used 36028K [0x00000000a0000000, 0x00000000a7000000, 0x00000000e0000000)
  object space 114688K, 31% used [0x00000000a0000000,0x00000000a232f368,0x00000000a7000000)
 Metaspace       used 64317K, capacity 66710K, committed 66944K, reserved 1107968K
  class space    used 8720K, capacity 9227K, committed 9344K, reserved 1048576K
Event: 40.360 GC heap after
Heap after GC invocations=21 (full 3):
 PSYoungGen      total 170496K, used 7126K [0x00000000e0000000, 0x00000000ebf00000, 0x0000000100000000)
  eden space 154624K, 0% used [0x00000000e0000000,0x00000000e0000000,0x00000000e9700000)
  from space 15872K, 44% used [0x00000000ea600000,0x00000000eacf5840,0x00000000eb580000)
  to   space 15360K, 0% used [0x00000000e9700000,0x00000000e9700000,0x00000000ea600000)
 ParOldGen       total 114688K, used 48991K [0x00000000a0000000, 0x00000000a7000000, 0x00000000e0000000)
  object space 114688K, 42% used [0x00000000a0000000,0x00000000a2fd7ca8,0x00000000a7000000)
 Metaspace       used 64317K, capacity 66710K, committed 66944K, reserved 1107968K
  class space    used 8720K, capacity 9227K, committed 9344K, reserved 1048576K
}
Event: 42.350 GC heap before
{Heap before GC invocations=22 (full 3):
 PSYoungGen      total 170496K, used 161750K [0x00000000e0000000, 0x00000000ebf00000, 0x0000000100000000)
  eden space 154624K, 100% used [0x00000000e0000000,0x00000000e9700000,0x00000000e9700000)
  from space 15872K, 44% used [0x00000000ea600000,0x00000000eacf5840,0x00000000eb580000)
  to   space 15360K, 0% used [0x00000000e9700000,0x00000000e9700000,0x00000000ea600000)
 ParOldGen       total 114688K, used 48991K [0x00000000a0000000, 0x00000000a7000000, 0x00000000e0000000)
  object space 114688K, 42% used [0x00000000a0000000,0x00000000a2fd7ca8,0x00000000a7000000)
 Metaspace       used 66437K, capacity 69210K, committed 69248K, reserved 1110016K
  class space    used 8985K, capacity 9585K, committed 9600K, reserved 1048576K
Event: 42.390 GC heap after
Heap after GC invocations=22 (full 3):
 PSYoungGen      total 169984K, used 15353K [0x00000000e0000000, 0x00000000ed900000, 0x0000000100000000)
  eden space 154624K, 0% used [0x00000000e0000000,0x00000000e0000000,0x00000000e9700000)
  from space 15360K, 99% used [0x00000000e9700000,0x00000000ea5fe4a0,0x00000000ea600000)
  to   space 18432K, 0% used [0x00000000ec700000,0x00000000ec700000,0x00000000ed900000)
 ParOldGen       total 114688K, used 52624K [0x00000000a0000000, 0x00000000a7000000, 0x00000000e0000000)
  object space 114688K, 45% used [0x00000000a0000000,0x00000000a3364050,0x00000000a7000000)
 Metaspace       used 66437K, capacity 69210K, committed 69248K, reserved 1110016K
  class space    used 8985K, capacity 9585K, committed 9600K, reserved 1048576K
}

